<?xml version="1.0" encoding="UTF-8"?>
<!-- Generated by org.testng.reporters.JUnitReportReporter -->
<testsuite hostname="rc" failures="0" tests="4" name="com.api.runners.TestRunner" time="8.189" errors="0" timestamp="2025-08-06T21:17:09 IST" skipped="0">
  <testcase classname="com.api.runners.TestRunner" name="runScenario" time="0.638"/>
  <testcase classname="com.api.runners.TestRunner" name="runScenario" time="6.821"/>
  <testcase classname="com.api.runners.TestRunner" name="runScenario" time="0.275"/>
  <testcase classname="com.api.runners.TestRunner" name="runScenario" time="0.455"/>
</testsuite> <!-- com.api.runners.TestRunner -->
